d:\updatedefectname\updatedefectname\x64\debug\updatedefectname.pch
d:\updatedefectname\updatedefectname\x64\debug\vc141.pdb
d:\updatedefectname\updatedefectname\x64\debug\vc141.idb
d:\updatedefectname\updatedefectname\x64\debug\pch.obj
d:\updatedefectname\updatedefectname\x64\debug\adolinktobase.obj
d:\updatedefectname\updatedefectname\x64\debug\updatedefectname.obj
d:\updatedefectname\updatedefectname\x64\debug\updatedefectnamedlg.obj
d:\updatedefectname\x64\debug\updatedefectname.ilk
d:\updatedefectname\x64\debug\updatedefectname.exe
d:\updatedefectname\x64\debug\updatedefectname.pdb
d:\updatedefectname\updatedefectname\x64\debug\updatedefectname.res
d:\updatedefectname\updatedefectname\x64\debug\msado15.tli
d:\updatedefectname\updatedefectname\x64\debug\msado15.tlh
d:\updatedefectname\updatedefectname\x64\debug\updatedefectname.tlog\cl.command.1.tlog
d:\updatedefectname\updatedefectname\x64\debug\updatedefectname.tlog\cl.read.1.tlog
d:\updatedefectname\updatedefectname\x64\debug\updatedefectname.tlog\cl.write.1.tlog
d:\updatedefectname\updatedefectname\x64\debug\updatedefectname.tlog\link.command.1.tlog
d:\updatedefectname\updatedefectname\x64\debug\updatedefectname.tlog\link.read.1.tlog
d:\updatedefectname\updatedefectname\x64\debug\updatedefectname.tlog\link.write.1.tlog
d:\updatedefectname\updatedefectname\x64\debug\updatedefectname.tlog\rc.command.1.tlog
d:\updatedefectname\updatedefectname\x64\debug\updatedefectname.tlog\rc.read.1.tlog
d:\updatedefectname\updatedefectname\x64\debug\updatedefectname.tlog\rc.write.1.tlog
