d:\updatedefectname\updatedefectname\x64\release\updatedefectname.pch
d:\updatedefectname\updatedefectname\x64\release\vc141.pdb
d:\updatedefectname\updatedefectname\x64\release\vc141.idb
d:\updatedefectname\updatedefectname\x64\release\pch.obj
d:\updatedefectname\updatedefectname\x64\release\updatedefectnamedlg.obj
d:\updatedefectname\updatedefectname\x64\release\updatedefectname.obj
d:\updatedefectname\updatedefectname\x64\release\adolinktobase.obj
d:\updatedefectname\x64\release\updatedefectname.exe
d:\updatedefectname\x64\release\updatedefectname.pdb
d:\updatedefectname\updatedefectname\x64\release\updatedefectname.res
d:\updatedefectname\updatedefectname\x64\release\msado15.tli
d:\updatedefectname\updatedefectname\x64\release\msado15.tlh
d:\updatedefectname\updatedefectname\x64\release\updatedefectname.tlog\cl.command.1.tlog
d:\updatedefectname\updatedefectname\x64\release\updatedefectname.tlog\cl.read.1.tlog
d:\updatedefectname\updatedefectname\x64\release\updatedefectname.tlog\cl.write.1.tlog
d:\updatedefectname\updatedefectname\x64\release\updatedefectname.tlog\link.command.1.tlog
d:\updatedefectname\updatedefectname\x64\release\updatedefectname.tlog\link.read.1.tlog
d:\updatedefectname\updatedefectname\x64\release\updatedefectname.tlog\link.write.1.tlog
d:\updatedefectname\updatedefectname\x64\release\updatedefectname.tlog\rc.command.1.tlog
d:\updatedefectname\updatedefectname\x64\release\updatedefectname.tlog\rc.read.1.tlog
d:\updatedefectname\updatedefectname\x64\release\updatedefectname.tlog\rc.write.1.tlog
